[debug] [2022-03-06T13:13:04.971Z] ----------------------------------------------------------------------
[debug] [2022-03-06T13:13:04.973Z] Command:       /usr/local/bin/firebase /Users/mba0289p/.cache/firebase/tools/lib/node_modules/firebase-tools/lib/bin/firebase deploy
[debug] [2022-03-06T13:13:04.974Z] CLI Version:   9.16.0
[debug] [2022-03-06T13:13:04.974Z] Platform:      darwin
[debug] [2022-03-06T13:13:04.974Z] Node Version:  v12.18.1
[debug] [2022-03-06T13:13:04.979Z] Time:          Sun Mar 06 2022 20:13:04 GMT+0700 (Indochina Time)
[debug] [2022-03-06T13:13:04.980Z] ----------------------------------------------------------------------
[debug] 
[debug] [2022-03-06T13:13:04.983Z] >>> [apiv2][query] GET https://firebase-public.firebaseio.com/cli.json [none]
[debug] [2022-03-06T13:13:05.070Z] > command requires scopes: ["email","openid","https://www.googleapis.com/auth/cloudplatformprojects.readonly","https://www.googleapis.com/auth/firebase","https://www.googleapis.com/auth/cloud-platform"]
[debug] [2022-03-06T13:13:05.070Z] > authorizing via signed-in user (hieufix1710@gmail.com)
[debug] [2022-03-06T13:13:05.071Z] [iam] checking project edustation-2f482 for permissions ["firebase.projects.get","firebasehosting.sites.update"]
[debug] [2022-03-06T13:13:05.072Z] > refreshing access token with scopes: ["email","https://www.googleapis.com/auth/cloud-platform","https://www.googleapis.com/auth/cloudplatformprojects.readonly","https://www.googleapis.com/auth/firebase","openid"]
[debug] [2022-03-06T13:13:05.072Z] >>> HTTP REQUEST POST https://www.googleapis.com/oauth2/v3/token  
 <request body omitted>
[debug] [2022-03-06T13:13:05.084Z] [iam] error while checking permissions, command may fail: FirebaseError: Authentication Error: Your credentials are no longer valid. Please run firebase login --reauth

For CI servers and headless environments, generate a new token with firebase login:ci
[debug] [2022-03-06T13:13:05.085Z] > refreshing access token with scopes: []
[debug] [2022-03-06T13:13:05.085Z] >>> HTTP REQUEST POST https://www.googleapis.com/oauth2/v3/token  
 <request body omitted>
[debug] [2022-03-06T13:13:05.089Z] Authentication Error: Your credentials are no longer valid. Please run firebase login --reauth

For CI servers and headless environments, generate a new token with firebase login:ci
[debug] [2022-03-06T13:13:05.096Z] FirebaseError: Authentication Error: Your credentials are no longer valid. Please run firebase login --reauth

For CI servers and headless environments, generate a new token with firebase login:ci
    at invalidCredentialError (/Users/mba0289p/.cache/firebase/tools/lib/node_modules/firebase-tools/lib/auth.js:141:12)
    at refreshTokens (/Users/mba0289p/.cache/firebase/tools/lib/node_modules/firebase-tools/lib/auth.js:448:15)
    at processTicksAndRejections (internal/process/task_queues.js:97:5)
[error] 
[error] Error: Failed to get Firebase project edustation-2f482. Please make sure the project exists and your account has permission to access it.
[debug] [2022-03-06T13:14:15.204Z] ----------------------------------------------------------------------
[debug] [2022-03-06T13:14:15.208Z] Command:       /usr/local/bin/firebase /Users/mba0289p/.cache/firebase/tools/lib/node_modules/firebase-tools/lib/bin/firebase deploy
[debug] [2022-03-06T13:14:15.209Z] CLI Version:   9.16.0
[debug] [2022-03-06T13:14:15.209Z] Platform:      darwin
[debug] [2022-03-06T13:14:15.209Z] Node Version:  v12.18.1
[debug] [2022-03-06T13:14:15.211Z] Time:          Sun Mar 06 2022 20:14:15 GMT+0700 (Indochina Time)
[debug] [2022-03-06T13:14:15.212Z] ----------------------------------------------------------------------
[debug] 
[debug] [2022-03-06T13:14:15.216Z] >>> [apiv2][query] GET https://firebase-public.firebaseio.com/cli.json [none]
[debug] [2022-03-06T13:14:15.291Z] > command requires scopes: ["email","openid","https://www.googleapis.com/auth/cloudplatformprojects.readonly","https://www.googleapis.com/auth/firebase","https://www.googleapis.com/auth/cloud-platform"]
[debug] [2022-03-06T13:14:15.292Z] > authorizing via signed-in user (hieufix1710@gmail.com)
[debug] [2022-03-06T13:14:15.292Z] [iam] checking project edustation-2f482 for permissions ["firebase.projects.get","firebasehosting.sites.update"]
[debug] [2022-03-06T13:14:15.293Z] > refreshing access token with scopes: ["email","https://www.googleapis.com/auth/cloud-platform","https://www.googleapis.com/auth/cloudplatformprojects.readonly","https://www.googleapis.com/auth/firebase","openid"]
[debug] [2022-03-06T13:14:15.293Z] >>> HTTP REQUEST POST https://www.googleapis.com/oauth2/v3/token  
 <request body omitted>
[debug] [2022-03-06T13:14:15.307Z] [iam] error while checking permissions, command may fail: FirebaseError: Authentication Error: Your credentials are no longer valid. Please run firebase login --reauth

For CI servers and headless environments, generate a new token with firebase login:ci
[debug] [2022-03-06T13:14:15.307Z] > refreshing access token with scopes: []
[debug] [2022-03-06T13:14:15.307Z] >>> HTTP REQUEST POST https://www.googleapis.com/oauth2/v3/token  
 <request body omitted>
[debug] [2022-03-06T13:14:15.311Z] Authentication Error: Your credentials are no longer valid. Please run firebase login --reauth

For CI servers and headless environments, generate a new token with firebase login:ci
[debug] [2022-03-06T13:14:15.319Z] FirebaseError: Authentication Error: Your credentials are no longer valid. Please run firebase login --reauth

For CI servers and headless environments, generate a new token with firebase login:ci
    at invalidCredentialError (/Users/mba0289p/.cache/firebase/tools/lib/node_modules/firebase-tools/lib/auth.js:141:12)
    at refreshTokens (/Users/mba0289p/.cache/firebase/tools/lib/node_modules/firebase-tools/lib/auth.js:448:15)
    at processTicksAndRejections (internal/process/task_queues.js:97:5)
[error] 
[error] Error: Failed to get Firebase project edustation-2f482. Please make sure the project exists and your account has permission to access it.
[debug] [2022-03-06T13:14:52.296Z] ----------------------------------------------------------------------
[debug] [2022-03-06T13:14:52.302Z] Command:       /usr/local/bin/firebase /Users/mba0289p/.cache/firebase/tools/lib/node_modules/firebase-tools/lib/bin/firebase deploy
[debug] [2022-03-06T13:14:52.303Z] CLI Version:   9.16.0
[debug] [2022-03-06T13:14:52.303Z] Platform:      darwin
[debug] [2022-03-06T13:14:52.303Z] Node Version:  v12.18.1
[debug] [2022-03-06T13:14:52.337Z] Time:          Sun Mar 06 2022 20:14:52 GMT+0700 (Indochina Time)
[debug] [2022-03-06T13:14:52.337Z] ----------------------------------------------------------------------
[debug] 
[debug] [2022-03-06T13:14:52.347Z] >>> [apiv2][query] GET https://firebase-public.firebaseio.com/cli.json [none]
[debug] [2022-03-06T13:14:52.443Z] > command requires scopes: ["email","openid","https://www.googleapis.com/auth/cloudplatformprojects.readonly","https://www.googleapis.com/auth/firebase","https://www.googleapis.com/auth/cloud-platform"]
[debug] [2022-03-06T13:14:52.443Z] > authorizing via signed-in user (hieufix1710@gmail.com)
[debug] [2022-03-06T13:14:52.443Z] [iam] checking project edustation-2f482 for permissions ["firebase.projects.get","firebasehosting.sites.update"]
[debug] [2022-03-06T13:14:52.445Z] > refreshing access token with scopes: ["email","https://www.googleapis.com/auth/cloud-platform","https://www.googleapis.com/auth/cloudplatformprojects.readonly","https://www.googleapis.com/auth/firebase","openid"]
[debug] [2022-03-06T13:14:52.445Z] >>> HTTP REQUEST POST https://www.googleapis.com/oauth2/v3/token  
 <request body omitted>
[debug] [2022-03-06T13:14:52.458Z] [iam] error while checking permissions, command may fail: FirebaseError: Authentication Error: Your credentials are no longer valid. Please run firebase login --reauth

For CI servers and headless environments, generate a new token with firebase login:ci
[debug] [2022-03-06T13:14:52.459Z] > refreshing access token with scopes: []
[debug] [2022-03-06T13:14:52.459Z] >>> HTTP REQUEST POST https://www.googleapis.com/oauth2/v3/token  
 <request body omitted>
[debug] [2022-03-06T13:14:52.463Z] Authentication Error: Your credentials are no longer valid. Please run firebase login --reauth

For CI servers and headless environments, generate a new token with firebase login:ci
[debug] [2022-03-06T13:14:52.471Z] FirebaseError: Authentication Error: Your credentials are no longer valid. Please run firebase login --reauth

For CI servers and headless environments, generate a new token with firebase login:ci
    at invalidCredentialError (/Users/mba0289p/.cache/firebase/tools/lib/node_modules/firebase-tools/lib/auth.js:141:12)
    at refreshTokens (/Users/mba0289p/.cache/firebase/tools/lib/node_modules/firebase-tools/lib/auth.js:448:15)
    at processTicksAndRejections (internal/process/task_queues.js:97:5)
[error] 
[error] Error: Failed to get Firebase project edustation-2f482. Please make sure the project exists and your account has permission to access it.
[debug] [2022-03-06T13:17:06.056Z] ----------------------------------------------------------------------
[debug] [2022-03-06T13:17:06.060Z] Command:       /usr/local/bin/firebase /Users/mba0289p/.cache/firebase/tools/lib/node_modules/firebase-tools/lib/bin/firebase deploy
[debug] [2022-03-06T13:17:06.060Z] CLI Version:   9.16.0
[debug] [2022-03-06T13:17:06.060Z] Platform:      darwin
[debug] [2022-03-06T13:17:06.061Z] Node Version:  v12.18.1
[debug] [2022-03-06T13:17:06.068Z] Time:          Sun Mar 06 2022 20:17:06 GMT+0700 (Indochina Time)
[debug] [2022-03-06T13:17:06.068Z] ----------------------------------------------------------------------
[debug] 
[debug] [2022-03-06T13:17:06.073Z] >>> [apiv2][query] GET https://firebase-public.firebaseio.com/cli.json [none]
[debug] [2022-03-06T13:17:06.148Z] > command requires scopes: ["email","openid","https://www.googleapis.com/auth/cloudplatformprojects.readonly","https://www.googleapis.com/auth/firebase","https://www.googleapis.com/auth/cloud-platform"]
[debug] [2022-03-06T13:17:06.148Z] > authorizing via signed-in user (hieufix1710@gmail.com)
[debug] [2022-03-06T13:17:06.148Z] [iam] checking project edustation-2f482 for permissions ["firebase.projects.get","firebasehosting.sites.update"]
[debug] [2022-03-06T13:17:06.150Z] > refreshing access token with scopes: ["email","https://www.googleapis.com/auth/cloud-platform","https://www.googleapis.com/auth/cloudplatformprojects.readonly","https://www.googleapis.com/auth/firebase","openid"]
[debug] [2022-03-06T13:17:06.150Z] >>> HTTP REQUEST POST https://www.googleapis.com/oauth2/v3/token  
 <request body omitted>
[debug] [2022-03-06T13:17:06.162Z] [iam] error while checking permissions, command may fail: FirebaseError: Authentication Error: Your credentials are no longer valid. Please run firebase login --reauth

For CI servers and headless environments, generate a new token with firebase login:ci
[debug] [2022-03-06T13:17:06.163Z] > refreshing access token with scopes: []
[debug] [2022-03-06T13:17:06.163Z] >>> HTTP REQUEST POST https://www.googleapis.com/oauth2/v3/token  
 <request body omitted>
[debug] [2022-03-06T13:17:06.166Z] Authentication Error: Your credentials are no longer valid. Please run firebase login --reauth

For CI servers and headless environments, generate a new token with firebase login:ci
[debug] [2022-03-06T13:17:06.173Z] FirebaseError: Authentication Error: Your credentials are no longer valid. Please run firebase login --reauth

For CI servers and headless environments, generate a new token with firebase login:ci
    at invalidCredentialError (/Users/mba0289p/.cache/firebase/tools/lib/node_modules/firebase-tools/lib/auth.js:141:12)
    at refreshTokens (/Users/mba0289p/.cache/firebase/tools/lib/node_modules/firebase-tools/lib/auth.js:448:15)
    at processTicksAndRejections (internal/process/task_queues.js:97:5)
[error] 
[error] Error: Failed to get Firebase project edustation-2f482. Please make sure the project exists and your account has permission to access it.
[debug] [2022-03-06T13:20:34.571Z] ----------------------------------------------------------------------
[debug] [2022-03-06T13:20:34.575Z] Command:       /usr/local/bin/firebase /Users/mba0289p/.cache/firebase/tools/lib/node_modules/firebase-tools/lib/bin/firebase deploy
[debug] [2022-03-06T13:20:34.575Z] CLI Version:   9.16.0
[debug] [2022-03-06T13:20:34.575Z] Platform:      darwin
[debug] [2022-03-06T13:20:34.576Z] Node Version:  v12.18.1
[debug] [2022-03-06T13:20:34.581Z] Time:          Sun Mar 06 2022 20:20:34 GMT+0700 (Indochina Time)
[debug] [2022-03-06T13:20:34.581Z] ----------------------------------------------------------------------
[debug] 
[debug] [2022-03-06T13:20:34.585Z] >>> [apiv2][query] GET https://firebase-public.firebaseio.com/cli.json [none]
[debug] [2022-03-06T13:20:34.661Z] > command requires scopes: ["email","openid","https://www.googleapis.com/auth/cloudplatformprojects.readonly","https://www.googleapis.com/auth/firebase","https://www.googleapis.com/auth/cloud-platform"]
[debug] [2022-03-06T13:20:34.662Z] > authorizing via signed-in user (hieufix1710@gmail.com)
[debug] [2022-03-06T13:20:34.662Z] [iam] checking project edustation-2f482 for permissions ["firebase.projects.get","firebasehosting.sites.update"]
[debug] [2022-03-06T13:20:34.663Z] > refreshing access token with scopes: ["email","https://www.googleapis.com/auth/cloud-platform","https://www.googleapis.com/auth/cloudplatformprojects.readonly","https://www.googleapis.com/auth/firebase","openid"]
[debug] [2022-03-06T13:20:34.663Z] >>> HTTP REQUEST POST https://www.googleapis.com/oauth2/v3/token  
 <request body omitted>
[debug] [2022-03-06T13:20:34.675Z] [iam] error while checking permissions, command may fail: FirebaseError: Authentication Error: Your credentials are no longer valid. Please run firebase login --reauth

For CI servers and headless environments, generate a new token with firebase login:ci
[debug] [2022-03-06T13:20:34.676Z] > refreshing access token with scopes: []
[debug] [2022-03-06T13:20:34.676Z] >>> HTTP REQUEST POST https://www.googleapis.com/oauth2/v3/token  
 <request body omitted>
[debug] [2022-03-06T13:20:34.679Z] Authentication Error: Your credentials are no longer valid. Please run firebase login --reauth

For CI servers and headless environments, generate a new token with firebase login:ci
[debug] [2022-03-06T13:20:34.686Z] FirebaseError: Authentication Error: Your credentials are no longer valid. Please run firebase login --reauth

For CI servers and headless environments, generate a new token with firebase login:ci
    at invalidCredentialError (/Users/mba0289p/.cache/firebase/tools/lib/node_modules/firebase-tools/lib/auth.js:141:12)
    at refreshTokens (/Users/mba0289p/.cache/firebase/tools/lib/node_modules/firebase-tools/lib/auth.js:448:15)
    at processTicksAndRejections (internal/process/task_queues.js:97:5)
[error] 
[error] Error: Failed to get Firebase project edustation-2f482. Please make sure the project exists and your account has permission to access it.
